#
# There is insufficient memory for the Java Runtime Environment to continue.
# Native memory allocation (mmap) failed to map 264241152 bytes for G1 virtual space
# Possible reasons:
#   The system is out of physical RAM or swap space
#   The process is running with CompressedOops enabled, and the Java Heap may be blocking the growth of the native heap
# Possible solutions:
#   Reduce memory load on the system
#   Increase physical memory or swap space
#   Check if swap backing store is full
#   Decrease Java heap size (-Xmx/-Xms)
#   Decrease number of Java threads
#   Decrease Java thread stack sizes (-Xss)
#   Set larger code cache with -XX:ReservedCodeCacheSize=
#   JVM is running with Zero Based Compressed Oops mode in which the Java heap is
#     placed in the first 32GB address space. The Java Heap base address is the
#     maximum limit for the native heap growth. Please use -XX:HeapBaseMinAddress
#     to set the Java Heap base and to place the Java Heap above 32GB virtual address.
# This output file may be truncated or incomplete.
#
#  Out of Memory Error (os_windows.cpp:3825), pid=19932, tid=21588
#
# JRE version:  (17.0.9) (build )
# Java VM: OpenJDK 64-Bit Server VM (17.0.9+0--11185874, mixed mode, sharing, tiered, compressed oops, compressed class ptrs, g1 gc, windows-amd64)
# No core dump will be written. Minidumps are not enabled by default on client versions of Windows
#

---------------  S U M M A R Y ------------

Command Line: git4idea.http.GitAskPassApp Username for 'https://github.com': 

Host: 11th Gen Intel(R) Core(TM) i7-1165G7 @ 2.80GHz, 8 cores, 15G,  Windows 11 , 64 bit Build 22621 (10.0.22621.3374)
Time: Wed May 15 16:52:13 2024 SE Asia Standard Time elapsed time: 0.013154 seconds (0d 0h 0m 0s)

---------------  T H R E A D  ---------------

Current thread (0x000001f6b1fedce0):  JavaThread "Unknown thread" [_thread_in_vm, id=21588, stack(0x000000ba26900000,0x000000ba26a00000)]

Stack: [0x000000ba26900000,0x000000ba26a00000]
Native frames: (J=compiled Java code, j=interpreted, Vv=VM code, C=native code)
V  [jvm.dll+0x6886e9]
V  [jvm.dll+0x841e4a]
V  [jvm.dll+0x843a8e]
V  [jvm.dll+0x8440f3]
V  [jvm.dll+0x24c14f]
V  [jvm.dll+0x685499]
V  [jvm.dll+0x679c2a]
V  [jvm.dll+0x30cf9b]
V  [jvm.dll+0x314446]
V  [jvm.dll+0x36425e]
V  [jvm.dll+0x36448f]
V  [jvm.dll+0x2e2d68]
V  [jvm.dll+0x2e3cd4]
V  [jvm.dll+0x8129f1]
V  [jvm.dll+0x3720c1]
V  [jvm.dll+0x7f152c]
V  [jvm.dll+0x3f5d4f]
V  [jvm.dll+0x3f7981]
C  [jli.dll+0x528f]
C  [ucrtbase.dll+0x29333]
C  [KERNEL32.DLL+0x1257d]
C  [ntdll.dll+0x5aa48]


---------------  P R O C E S S  ---------------

Threads class SMR info:
_java_thread_list=0x00007ffa4a51ef18, length=0, elements={
}

Java Threads: ( => current thread )

Other Threads:
  0x000001f6b2057ad0 GCTaskThread "GC Thread#0" [stack: 0x000000ba26a00000,0x000000ba26b00000] [id=21368]
  0x000001f6b2068560 ConcurrentGCThread "G1 Main Marker" [stack: 0x000000ba26b00000,0x000000ba26c00000] [id=18104]
  0x000001f6b2068f80 ConcurrentGCThread "G1 Conc#0" [stack: 0x000000ba26c00000,0x000000ba26d00000] [id=2772]

[error occurred during error reporting (printing all threads), id 0xc0000005, EXCEPTION_ACCESS_VIOLATION (0xc0000005) at pc=0x00007ffa49cd3937]

VM state: not at safepoint (not fully initialized)

VM Mutex/Monitor currently owned by a thread:  ([mutex/lock_event])
[0x000001f6b1fe95d0] Heap_lock - owner thread: 0x000001f6b1fedce0

Heap address: 0x0000000704c00000, size: 4020 MB, Compressed Oops mode: Zero based, Oop shift amount: 3

CDS archive(s) mapped at: [0x0000000000000000-0x0000000000000000-0x0000000000000000), size 0, SharedBaseAddress: 0x0000000800000000, ArchiveRelocationMode: 1.
Narrow klass base: 0x0000000000000000, Narrow klass shift: 0, Narrow klass range: 0x0

GC Precious Log:
<Empty>

Heap:
 garbage-first heap   total 0K, used 0K [0x0000000704c00000, 0x0000000800000000)
  region size 2048K, 0 young (0K), 0 survivors (0K)
 Metaspace       used 0K, committed 0K, reserved 0K
  class space    used 0K, committed 0K, reserved 0K

Heap Regions: E=young(eden), S=young(survivor), O=old, HS=humongous(starts), HC=humongous(continues), CS=collection set, F=free, OA=open archive, CA=closed archive, TAMS=top-at-mark-start (previous, next)

Card table byte_map: [0x000001f6c4fd0000,0x000001f6c57b0000] _byte_map_base: 0x000001f6c17aa000

Marking Bits (Prev, Next): (CMBitMap*) 0x000001f6b20580f0, (CMBitMap*) 0x000001f6b2058130
 Prev Bits: [0x000001f6c5f90000, 0x000001f6c9e60000)
 Next Bits: [0x000001f6c9e60000, 0x000001f6cdd30000)

GC Heap History (0 events):
No events

Dll operation events (1 events):
Event: 0.009 Loaded shared library C:\Program Files\Android\Android Studio\jbr\bin\java.dll

Deoptimization events (0 events):
No events

Classes unloaded (0 events):
No events

Classes redefined (0 events):
No events

Internal exceptions (0 events):
No events

VM Operations (0 events):
No events

Events (0 events):
No events


Dynamic libraries:
0x00007ff77cb60000 - 0x00007ff77cb6a000 	C:\Program Files\Android\Android Studio\jbr\bin\java.exe
0x00007ffa9ae70000 - 0x00007ffa9b086000 	C:\WINDOWS\SYSTEM32\ntdll.dll
0x00007ffa9a170000 - 0x00007ffa9a234000 	C:\WINDOWS\System32\KERNEL32.DLL
0x00007ffa98580000 - 0x00007ffa98927000 	C:\WINDOWS\System32\KERNELBASE.dll
0x00007ffa982c0000 - 0x00007ffa983d1000 	C:\WINDOWS\System32\ucrtbase.dll
0x00007ffa7eb90000 - 0x00007ffa7eba7000 	C:\Program Files\Android\Android Studio\jbr\bin\jli.dll
0x00007ffa99ee0000 - 0x00007ffa9a08e000 	C:\WINDOWS\System32\USER32.dll
0x00007ffa98aa0000 - 0x00007ffa98ac6000 	C:\WINDOWS\System32\win32u.dll
0x00007ffa91af0000 - 0x00007ffa91b0b000 	C:\Program Files\Android\Android Studio\jbr\bin\VCRUNTIME140.dll
0x00007ffa9ae00000 - 0x00007ffa9ae29000 	C:\WINDOWS\System32\GDI32.dll
0x00007ffa98460000 - 0x00007ffa98579000 	C:\WINDOWS\System32\gdi32full.dll
0x00007ffa84420000 - 0x00007ffa846b3000 	C:\WINDOWS\WinSxS\amd64_microsoft.windows.common-controls_6595b64144ccf1df_6.0.22621.3235_none_270f74e173860f98\COMCTL32.dll
0x00007ffa98ad0000 - 0x00007ffa98b6a000 	C:\WINDOWS\System32\msvcp_win.dll
0x00007ffa99410000 - 0x00007ffa994b7000 	C:\WINDOWS\System32\msvcrt.dll
0x00007ffa994e0000 - 0x00007ffa99511000 	C:\WINDOWS\System32\IMM32.DLL
0x00007ffa94ed0000 - 0x00007ffa94edc000 	C:\Program Files\Android\Android Studio\jbr\bin\vcruntime140_1.dll
0x00007ffa72280000 - 0x00007ffa7230d000 	C:\Program Files\Android\Android Studio\jbr\bin\msvcp140.dll
0x00007ffa499e0000 - 0x00007ffa4a663000 	C:\Program Files\Android\Android Studio\jbr\bin\server\jvm.dll
0x00007ffa9a750000 - 0x00007ffa9a802000 	C:\WINDOWS\System32\ADVAPI32.dll
0x00007ffa9ad40000 - 0x00007ffa9ade8000 	C:\WINDOWS\System32\sechost.dll
0x00007ffa98b70000 - 0x00007ffa98b98000 	C:\WINDOWS\System32\bcrypt.dll
0x00007ffa9a5b0000 - 0x00007ffa9a6c5000 	C:\WINDOWS\System32\RPCRT4.dll
0x00007ffa90070000 - 0x00007ffa900a4000 	C:\WINDOWS\SYSTEM32\WINMM.dll
0x00007ffa8ae50000 - 0x00007ffa8ae5a000 	C:\WINDOWS\SYSTEM32\VERSION.dll
0x00007ffa90100000 - 0x00007ffa90109000 	C:\WINDOWS\SYSTEM32\WSOCK32.dll
0x00007ffa97e00000 - 0x00007ffa97e4d000 	C:\WINDOWS\SYSTEM32\POWRPROF.dll
0x00007ffa9a6d0000 - 0x00007ffa9a741000 	C:\WINDOWS\System32\WS2_32.dll
0x00007ffa97c00000 - 0x00007ffa97c13000 	C:\WINDOWS\SYSTEM32\UMPDC.dll
0x00007ffa97190000 - 0x00007ffa971a8000 	C:\WINDOWS\SYSTEM32\kernel.appcore.dll
0x00007ffa93380000 - 0x00007ffa9338a000 	C:\Program Files\Android\Android Studio\jbr\bin\jimage.dll
0x00007ffa959d0000 - 0x00007ffa95c03000 	C:\WINDOWS\SYSTEM32\DBGHELP.DLL
0x00007ffa99020000 - 0x00007ffa993a8000 	C:\WINDOWS\System32\combase.dll
0x00007ffa9a090000 - 0x00007ffa9a167000 	C:\WINDOWS\System32\OLEAUT32.dll
0x00007ffa646e0000 - 0x00007ffa64712000 	C:\WINDOWS\SYSTEM32\dbgcore.DLL
0x00007ffa983e0000 - 0x00007ffa98459000 	C:\WINDOWS\System32\bcryptPrimitives.dll
0x00007ffa8a800000 - 0x00007ffa8a825000 	C:\Program Files\Android\Android Studio\jbr\bin\java.dll

dbghelp: loaded successfully - version: 4.0.5 - missing functions: none
symbol engine: initialized successfully - sym options: 0x614 - pdb path: .;C:\Program Files\Android\Android Studio\jbr\bin;C:\WINDOWS\SYSTEM32;C:\WINDOWS\WinSxS\amd64_microsoft.windows.common-controls_6595b64144ccf1df_6.0.22621.3235_none_270f74e173860f98;C:\Program Files\Android\Android Studio\jbr\bin\server

VM Arguments:
java_command: git4idea.http.GitAskPassApp Username for 'https://github.com': 
java_class_path (initial): C:/Program Files/Android/Android Studio/plugins/vcs-git/lib/git4idea-rt.jar;C:/Program Files/Android/Android Studio/lib/externalProcess-rt.jar
Launcher Type: SUN_STANDARD

[Global flags]
     intx CICompilerCount                          = 4                                         {product} {ergonomic}
     uint ConcGCThreads                            = 2                                         {product} {ergonomic}
     uint G1ConcRefinementThreads                  = 8                                         {product} {ergonomic}
   size_t G1HeapRegionSize                         = 2097152                                   {product} {ergonomic}
    uintx GCDrainStackTargetSize                   = 64                                        {product} {ergonomic}
   size_t InitialHeapSize                          = 264241152                                 {product} {ergonomic}
   size_t MarkStackSize                            = 4194304                                   {product} {ergonomic}
   size_t MaxHeapSize                              = 4215275520                                {product} {ergonomic}
   size_t MinHeapDeltaBytes                        = 2097152                                   {product} {ergonomic}
   size_t MinHeapSize                              = 8388608                                   {product} {ergonomic}
    uintx NonNMethodCodeHeapSize                   = 5839372                                {pd product} {ergonomic}
    uintx NonProfiledCodeHeapSize                  = 122909434                              {pd product} {ergonomic}
    uintx ProfiledCodeHeapSize                     = 122909434                              {pd product} {ergonomic}
    uintx ReservedCodeCacheSize                    = 251658240                              {pd product} {ergonomic}
     bool SegmentedCodeCache                       = true                                      {product} {ergonomic}
   size_t SoftMaxHeapSize                          = 4215275520                             {manageable} {ergonomic}
     bool UseCompressedClassPointers               = true                           {product lp64_product} {ergonomic}
     bool UseCompressedOops                        = true                           {product lp64_product} {ergonomic}
     bool UseG1GC                                  = true                                      {product} {ergonomic}
     bool UseLargePagesIndividualAllocation        = false                                  {pd product} {ergonomic}

Logging:
Log output configuration:
 #0: stdout all=warning uptime,level,tags
 #1: stderr all=off uptime,level,tags

Environment Variables:
PATH=C:\Program Files\Git\mingw64\libexec\git-core;C:\Program Files\Git\mingw64\libexec\git-core;C:\Program Files\Git\mingw64\bin;C:\Program Files\Git\usr\bin;C:\Users\User\bin;C:\Program Files\Microsoft\jdk-11.0.16.101-hotspot\bin;C:\Program Files\Common Files\Oracle\Java\javapath;C:\Program Files (x86)\Common Files\Oracle\Java\java8path;C:\Program Files (x86)\Common Files\Oracle\Java\javapath;C:\Program Files\Rockwell Software\RSCommon;C:\WINDOWS\system32;C:\WINDOWS;C:\WINDOWS\System32\Wbem;C:\WINDOWS\System32\WindowsPowerShell\v1.0;C:\WINDOWS\System32\OpenSSH;D:\xampp\php;C:\ProgramData\ComposerSetup\bin;C:\Program Files (x86)\Common Files\Rockwell;C:\Program Files\Microsoft SQL Server\150\Tools\Binn;C:\Program Files\nodejs;C:\Program Files\Git\cmd;C:\Program Files\CMake\bin;C:\src\flutter\bin;D:\Windows Kits\10\Windows Performance Toolkit;D:\Software\msys64\ucrt64\bin;C:\Users\User\AppData\Local\Programs\Python\Python311\Scripts;C:\Users\User\AppData\Local\Programs\Python\Python311;C:\Users\User\AppData\Local\Microsoft\WindowsApps;C:\Users\User\AppData\Local\Programs\Microsoft VS Code\bin;C:\Program Files\JetBrains\IntelliJ IDEA 2022.3\bin;C:\Users\User\AppData\Roaming\Composer\vendor\bin;C:\Users\User\AppData\Local\ComposerSetup\bin;C:\Program Files\JetBrains\PhpStorm 2022.3\bin;C:\Program Files\JetBrains\DataGrip 2022.3.2\bin;C:\src\flutter\bin;C:\dart-sdk\bin;C:\Users\User\AppData\Roaming\npm;D:\ffmpeg-2023-03-23-git-30cea1d39b-full_build\bin;C:\Users\User\AppData\Local\Pub\Cache\bin;D:\Software\msys64\ucrt64\bin
USERNAME=User
DISPLAY=:0.0
LC_ALL=en_US.UTF-8
TERM=xterm-256color
TMPDIR=C:\Users\User\AppData\Local\Temp
OS=Windows_NT
PROCESSOR_IDENTIFIER=Intel64 Family 6 Model 140 Stepping 1, GenuineIntel
TMP=C:\Users\User\AppData\Local\Temp
TEMP=C:\Users\User\AppData\Local\Temp



Periodic native trim disabled

JNI global refs:
JNI global refs: 0, weak refs: 0

JNI global refs memory usage: 0, weak refs: 0

OOME stack traces (most recent first):
Classloader memory used:


---------------  S Y S T E M  ---------------

OS:
 Windows 11 , 64 bit Build 22621 (10.0.22621.3374)
OS uptime: 11 days 13:54 hours
Hyper-V role detected

CPU: total 8 (initial active 8) (4 cores per cpu, 2 threads per core) family 6 model 140 stepping 1 microcode 0x86, cx8, cmov, fxsr, ht, mmx, 3dnowpref, sse, sse2, sse3, ssse3, sse4.1, sse4.2, popcnt, lzcnt, tsc, tscinvbit, avx, avx2, aes, erms, clmul, bmi1, bmi2, adx, avx512f, avx512dq, avx512cd, avx512bw, avx512vl, sha, fma, vzeroupper, avx512_vpopcntdq, avx512_vpclmulqdq, avx512_vaes, avx512_vnni, clflush, clflushopt, clwb, avx512_vbmi2, avx512_vbmi, hv
Processor Information for all 8 processors :
  Max Mhz: 2803, Current Mhz: 2803, Mhz Limit: 2803

Memory: 4k page, system-wide physical 16075M (1988M free)
TotalPageFile size 24075M (AvailPageFile size 182M)
current process WorkingSet (physical memory assigned to process): 11M, peak: 11M
current process commit charge ("private bytes"): 60M, peak: 312M

vm_info: OpenJDK 64-Bit Server VM (17.0.9+0--11185874) for windows-amd64 JRE (17.0.9+0--11185874), built on Dec  6 2023 18:57:44 by "androidbuild" with MS VC++ 16.10 / 16.11 (VS2019)

END.
